21:29:39.131 [main] INFO  utils.Log - Browser parameter is : EDGE
21:29:43.456 [main] INFO  utils.Log - EDGE =--> Thread.id = 1
21:29:46.083 [main] INFO  utils.Log - +++++++++++++++++++++++++++++++++
21:29:46.084 [main] INFO  utils.Log - Started test :LoginTest - validLoginTest
21:29:46.084 [main] INFO  utils.Log - LoginTest
21:29:46.084 [main] INFO  utils.Log - +++++++++++++++++++++++++++++++++
21:29:46.085 [main] INFO  utils.Log - Start time :2023.04.24.21.29.46
21:29:46.085 [main] INFO  utils.Log - +++++++++++++++++++++++++++++++++
21:29:56.143 [main] ERROR utils.Log - +++++++++++++++++++++++++++++++++
21:29:56.143 [main] ERROR utils.Log - Failed test :validLoginTest
21:29:56.144 [main] ERROR utils.Log - +++++++++++++++++++++++++++++++++
21:29:56.144 [main] ERROR utils.Log - Failed time :2023.04.24.21.29.56
21:29:56.145 [main] ERROR utils.Log - org.openqa.selenium.NoSuchElementException: no such element: Unable to locate element: {"method":"link text","selector":"My account"}
  (Session info: headless MicrosoftEdge=112.0.1722.58)
For documentation on this error, please visit: https://selenium.dev/exceptions/#no_such_element
Build info: version: '4.8.2', revision: '826dbfc730'
System info: os.name: 'Windows 10', os.arch: 'amd64', os.version: '10.0', java.version: '17.0.6'
Driver info: org.openqa.selenium.edge.EdgeDriver
Command: [a8737df49408c80810c699d993bdb4a2, findElement {using=link text, value=My account}]
Capabilities {acceptInsecureCerts: false, browserName: msedge, browserVersion: 112.0.1722.58, ms:edgeOptions: {debuggerAddress: localhost:61696}, msedge: {msedgedriverVersion: 112.0.1722.58 (4dc3f55bfaec..., userDataDir: C:\Users\alexa\AppData\Loca...}, networkConnectionEnabled: false, pageLoadStrategy: normal, platformName: WINDOWS, proxy: Proxy(), se:cdp: ws://localhost:61696/devtoo..., se:cdpVersion: 112.0.1722.58, setWindowRect: true, strictFileInteractability: false, timeouts: {implicit: 0, pageLoad: 300000, script: 30000}, unhandledPromptBehavior: dismiss and notify, webauthn:extension:credBlob: true, webauthn:extension:largeBlob: true, webauthn:extension:minPinLength: true, webauthn:extension:prf: true, webauthn:virtualAuthenticators: true}
Session ID: a8737df49408c80810c699d993bdb4a2
21:29:56.145 [main] ERROR utils.Log - +++++++++++++++++++++++++++++++++
