13:50:11.825 [main] INFO  utils.Log - Browser parameter is : EDGE
13:50:15.121 [main] INFO  utils.Log - EDGE =--> Thread.id = 1
13:50:17.848 [main] INFO  utils.Log - +++++++++++++++++++++++++++++++++
13:50:17.848 [main] INFO  utils.Log - Started test :Curs17Exercitiu1 - validLoginTest
13:50:17.848 [main] INFO  utils.Log - Curs17Exercitiu1
13:50:17.848 [main] INFO  utils.Log - +++++++++++++++++++++++++++++++++
13:50:17.850 [main] INFO  utils.Log - Start time :2023.04.23.13.50.17
13:50:17.850 [main] INFO  utils.Log - +++++++++++++++++++++++++++++++++
13:50:29.313 [main] ERROR utils.Log - +++++++++++++++++++++++++++++++++
13:50:29.313 [main] ERROR utils.Log - Failed test :validLoginTest
13:50:29.314 [main] ERROR utils.Log - +++++++++++++++++++++++++++++++++
13:50:29.314 [main] ERROR utils.Log - Failed time :2023.04.23.13.50.29
13:50:29.315 [main] ERROR utils.Log - org.openqa.selenium.NoSuchElementException: no such element: Unable to locate element: {"method":"xpath","selector":"//button[@type="submit"]"}
  (Session info: MicrosoftEdge=112.0.1722.58)
For documentation on this error, please visit: https://selenium.dev/exceptions/#no_such_element
Build info: version: '4.8.2', revision: '826dbfc730'
System info: os.name: 'Windows 10', os.arch: 'amd64', os.version: '10.0', java.version: '17.0.6'
Driver info: org.openqa.selenium.edge.EdgeDriver
Command: [d30a19fec29663e7b6f0e81e6450e78f, findElement {using=xpath, value=//button[@type="submit"]}]
Capabilities {acceptInsecureCerts: false, browserName: msedge, browserVersion: 112.0.1722.58, ms:edgeOptions: {debuggerAddress: localhost:54095}, msedge: {msedgedriverVersion: 112.0.1722.58 (4dc3f55bfaec..., userDataDir: C:\Users\alexa\AppData\Loca...}, networkConnectionEnabled: false, pageLoadStrategy: normal, platformName: WINDOWS, proxy: Proxy(), se:cdp: ws://localhost:54095/devtoo..., se:cdpVersion: 112.0.1722.58, setWindowRect: true, strictFileInteractability: false, timeouts: {implicit: 0, pageLoad: 300000, script: 30000}, unhandledPromptBehavior: dismiss and notify, webauthn:extension:credBlob: true, webauthn:extension:largeBlob: true, webauthn:extension:minPinLength: true, webauthn:extension:prf: true, webauthn:virtualAuthenticators: true}
Session ID: d30a19fec29663e7b6f0e81e6450e78f
13:50:29.315 [main] ERROR utils.Log - +++++++++++++++++++++++++++++++++
