10:42:10.256 [main] INFO  utils.Log - Browser parameter is : EDGE
10:42:11.836 [main] INFO  utils.Log - EDGE =--> Thread.id = 1
10:42:15.346 [main] INFO  utils.Log - +++++++++++++++++++++++++++++++++
10:42:15.346 [main] INFO  utils.Log - Started test :LoginTest - validLoginTest
10:42:15.346 [main] INFO  utils.Log - LoginTest
10:42:15.346 [main] INFO  utils.Log - +++++++++++++++++++++++++++++++++
10:42:15.347 [main] INFO  utils.Log - Start time :2023.04.23.10.42.15
10:42:15.347 [main] INFO  utils.Log - +++++++++++++++++++++++++++++++++
10:42:26.076 [main] ERROR utils.Log - +++++++++++++++++++++++++++++++++
10:42:26.076 [main] ERROR utils.Log - Failed test :validLoginTest
10:42:26.078 [main] ERROR utils.Log - +++++++++++++++++++++++++++++++++
10:42:26.078 [main] ERROR utils.Log - Failed time :2023.04.23.10.42.26
10:42:26.079 [main] ERROR utils.Log - org.openqa.selenium.NoSuchElementException: no such element: Unable to locate element: {"method":"link text","selector":"Log in"}
  (Session info: MicrosoftEdge=112.0.1722.58)
For documentation on this error, please visit: https://selenium.dev/exceptions/#no_such_element
Build info: version: '4.8.2', revision: '826dbfc730'
System info: os.name: 'Windows 10', os.arch: 'amd64', os.version: '10.0', java.version: '17.0.6'
Driver info: org.openqa.selenium.edge.EdgeDriver
Command: [ad3a58153ccd79662e1fcf534e354a05, findElement {using=link text, value=Log in}]
Capabilities {acceptInsecureCerts: false, browserName: msedge, browserVersion: 112.0.1722.58, ms:edgeOptions: {debuggerAddress: localhost:64687}, msedge: {msedgedriverVersion: 112.0.1722.58 (4dc3f55bfaec..., userDataDir: C:\Users\alexa\AppData\Loca...}, networkConnectionEnabled: false, pageLoadStrategy: normal, platformName: WINDOWS, proxy: Proxy(), se:cdp: ws://localhost:64687/devtoo..., se:cdpVersion: 112.0.1722.58, setWindowRect: true, strictFileInteractability: false, timeouts: {implicit: 0, pageLoad: 300000, script: 30000}, unhandledPromptBehavior: dismiss and notify, webauthn:extension:credBlob: true, webauthn:extension:largeBlob: true, webauthn:extension:minPinLength: true, webauthn:extension:prf: true, webauthn:virtualAuthenticators: true}
Session ID: ad3a58153ccd79662e1fcf534e354a05
10:42:26.079 [main] ERROR utils.Log - +++++++++++++++++++++++++++++++++
