13:55:22.920 [main] INFO  utils.Log - Browser parameter is : EDGE
13:55:24.732 [main] INFO  utils.Log - EDGE =--> Thread.id = 1
13:55:28.377 [main] INFO  utils.Log - +++++++++++++++++++++++++++++++++
13:55:28.377 [main] INFO  utils.Log - Started test :Curs17Exercitiu1 - curs17Exercitiu2
13:55:28.377 [main] INFO  utils.Log - Curs17Exercitiu1
13:55:28.377 [main] INFO  utils.Log - +++++++++++++++++++++++++++++++++
13:55:28.378 [main] INFO  utils.Log - Start time :2023.04.25.13.55.28
13:55:28.379 [main] INFO  utils.Log - +++++++++++++++++++++++++++++++++
13:55:41.684 [main] ERROR utils.Log - +++++++++++++++++++++++++++++++++
13:55:41.684 [main] ERROR utils.Log - Failed test :curs17Exercitiu2
13:55:41.684 [main] ERROR utils.Log - +++++++++++++++++++++++++++++++++
13:55:41.685 [main] ERROR utils.Log - Failed time :2023.04.25.13.55.41
13:55:41.685 [main] ERROR utils.Log - org.openqa.selenium.NoSuchElementException: no such element: Unable to locate element: {"method":"xpath","selector":"//span[@class="dgwt-wcas-st-title"]"}
  (Session info: MicrosoftEdge=112.0.1722.58)
For documentation on this error, please visit: https://selenium.dev/exceptions/#no_such_element
Build info: version: '4.8.2', revision: '826dbfc730'
System info: os.name: 'Windows 10', os.arch: 'amd64', os.version: '10.0', java.version: '17.0.6'
Driver info: org.openqa.selenium.edge.EdgeDriver
Command: [4041acca3407c247e4a1122f08d4b7c3, findElement {using=xpath, value=//span[@class="dgwt-wcas-st-title"]}]
Capabilities {acceptInsecureCerts: false, browserName: msedge, browserVersion: 112.0.1722.58, ms:edgeOptions: {debuggerAddress: localhost:63120}, msedge: {msedgedriverVersion: 112.0.1722.58 (4dc3f55bfaec..., userDataDir: C:\Users\alexa\AppData\Loca...}, networkConnectionEnabled: false, pageLoadStrategy: normal, platformName: WINDOWS, proxy: Proxy(), se:cdp: ws://localhost:63120/devtoo..., se:cdpVersion: 112.0.1722.58, setWindowRect: true, strictFileInteractability: false, timeouts: {implicit: 0, pageLoad: 300000, script: 30000}, unhandledPromptBehavior: dismiss and notify, webauthn:extension:credBlob: true, webauthn:extension:largeBlob: true, webauthn:extension:minPinLength: true, webauthn:extension:prf: true, webauthn:virtualAuthenticators: true}
Session ID: 4041acca3407c247e4a1122f08d4b7c3
13:55:41.686 [main] ERROR utils.Log - +++++++++++++++++++++++++++++++++
